2025-05-19T09:22:34.356+09:00  INFO 18668 --- [MySpringbootLab] [restartedMain] c.r.m.MySpringbootLabApplication         : Starting MySpringbootLabApplication using Java 17.0.14 with PID 18668 (C:\sk\backend\MySpringbootLab\target\classes started by yondu in C:\sk\backend\MySpringbootLab)
2025-05-19T09:22:34.373+09:00  INFO 18668 --- [MySpringbootLab] [restartedMain] c.r.m.MySpringbootLabApplication         : The following 1 profile is active: "test"
2025-05-19T09:22:34.497+09:00  INFO 18668 --- [MySpringbootLab] [restartedMain] .e.DevToolsPropertyDefaultsPostProcessor : Devtools property defaults active! Set 'spring.devtools.add-properties' to 'false' to disable
2025-05-19T09:22:34.497+09:00  INFO 18668 --- [MySpringbootLab] [restartedMain] .e.DevToolsPropertyDefaultsPostProcessor : For additional web related logging consider setting the 'logging.level.web' property to 'DEBUG'
2025-05-19T09:22:36.680+09:00  INFO 18668 --- [MySpringbootLab] [restartedMain] .s.d.r.c.RepositoryConfigurationDelegate : Bootstrapping Spring Data JPA repositories in DEFAULT mode.
2025-05-19T09:22:36.784+09:00  INFO 18668 --- [MySpringbootLab] [restartedMain] .s.d.r.c.RepositoryConfigurationDelegate : Finished Spring Data repository scanning in 83 ms. Found 2 JPA repository interfaces.
2025-05-19T09:22:38.456+09:00  INFO 18668 --- [MySpringbootLab] [restartedMain] o.s.b.w.embedded.tomcat.TomcatWebServer  : Tomcat initialized with port 8080 (http)
2025-05-19T09:22:38.513+09:00  INFO 18668 --- [MySpringbootLab] [restartedMain] o.apache.catalina.core.StandardService   : Starting service [Tomcat]
2025-05-19T09:22:38.515+09:00  INFO 18668 --- [MySpringbootLab] [restartedMain] o.apache.catalina.core.StandardEngine    : Starting Servlet engine: [Apache Tomcat/10.1.40]
2025-05-19T09:22:38.654+09:00  INFO 18668 --- [MySpringbootLab] [restartedMain] o.a.c.c.C.[Tomcat].[localhost].[/]       : Initializing Spring embedded WebApplicationContext
2025-05-19T09:22:38.655+09:00  INFO 18668 --- [MySpringbootLab] [restartedMain] w.s.c.ServletWebServerApplicationContext : Root WebApplicationContext: initialization completed in 4154 ms
2025-05-19T09:22:39.721+09:00  INFO 18668 --- [MySpringbootLab] [restartedMain] o.hibernate.jpa.internal.util.LogHelper  : HHH000204: Processing PersistenceUnitInfo [name: default]
2025-05-19T09:22:39.996+09:00  INFO 18668 --- [MySpringbootLab] [restartedMain] org.hibernate.Version                    : HHH000412: Hibernate ORM core version 6.6.13.Final
2025-05-19T09:22:40.173+09:00  INFO 18668 --- [MySpringbootLab] [restartedMain] o.h.c.internal.RegionFactoryInitiator    : HHH000026: Second-level cache disabled
2025-05-19T09:22:40.692+09:00  INFO 18668 --- [MySpringbootLab] [restartedMain] o.s.o.j.p.SpringPersistenceUnitInfo      : No LoadTimeWeaver setup: ignoring JPA class transformer
2025-05-19T09:22:40.740+09:00  INFO 18668 --- [MySpringbootLab] [restartedMain] com.zaxxer.hikari.HikariDataSource       : HikariPool-1 - Starting...
2025-05-19T09:22:40.916+09:00  INFO 18668 --- [MySpringbootLab] [restartedMain] com.zaxxer.hikari.pool.HikariPool        : HikariPool-1 - Added connection org.mariadb.jdbc.Connection@657f4ce
2025-05-19T09:22:40.919+09:00  INFO 18668 --- [MySpringbootLab] [restartedMain] com.zaxxer.hikari.HikariDataSource       : HikariPool-1 - Start completed.
2025-05-19T09:22:40.961+09:00  WARN 18668 --- [MySpringbootLab] [restartedMain] org.hibernate.orm.deprecation            : HHH90000025: MariaDBDialect does not need to be specified explicitly using 'hibernate.dialect' (remove the property setting and it will be selected by default)
2025-05-19T09:22:40.983+09:00  INFO 18668 --- [MySpringbootLab] [restartedMain] org.hibernate.orm.connections.pooling    : HHH10001005: Database info:
	Database JDBC URL [Connecting through datasource 'HikariDataSource (HikariPool-1)']
	Database driver: undefined/unknown
	Database version: 10.11.5
	Autocommit mode: undefined/unknown
	Isolation level: undefined/unknown
	Minimum pool size: undefined/unknown
	Maximum pool size: undefined/unknown
2025-05-19T09:22:42.104+09:00  INFO 18668 --- [MySpringbootLab] [restartedMain] o.h.e.t.j.p.i.JtaPlatformInitiator       : HHH000489: No JTA platform available (set 'hibernate.transaction.jta.platform' to enable JTA platform integration)
2025-05-19T09:22:42.331+09:00  INFO 18668 --- [MySpringbootLab] [restartedMain] j.LocalContainerEntityManagerFactoryBean : Initialized JPA EntityManagerFactory for persistence unit 'default'
2025-05-19T09:22:43.318+09:00  INFO 18668 --- [MySpringbootLab] [restartedMain] o.s.d.j.r.query.QueryEnhancerFactory     : Hibernate is in classpath; If applicable, HQL parser will be used.
2025-05-19T09:22:45.244+09:00  WARN 18668 --- [MySpringbootLab] [restartedMain] JpaBaseConfiguration$JpaWebConfiguration : spring.jpa.open-in-view is enabled by default. Therefore, database queries may be performed during view rendering. Explicitly configure spring.jpa.open-in-view to disable this warning
2025-05-19T09:22:46.578+09:00  WARN 18668 --- [MySpringbootLab] [restartedMain] ion$DefaultTemplateResolverConfiguration : Cannot find template location: classpath:/templates/ (please add some templates, check your Thymeleaf configuration, or set spring.thymeleaf.check-template-location=false)
2025-05-19T09:22:47.346+09:00  INFO 18668 --- [MySpringbootLab] [restartedMain] o.s.b.a.h2.H2ConsoleAutoConfiguration    : H2 console available at '/h2-console'. Database available at 'jdbc:mariadb://127.0.0.1:3307/books?user=boot&password=***'
2025-05-19T09:22:47.509+09:00  INFO 18668 --- [MySpringbootLab] [restartedMain] o.s.b.d.a.OptionalLiveReloadServer       : LiveReload server is running on port 35729
2025-05-19T09:22:47.531+09:00  INFO 18668 --- [MySpringbootLab] [restartedMain] o.s.b.a.e.web.EndpointLinksResolver      : Exposing 1 endpoint beneath base path '/actuator'
2025-05-19T09:22:47.850+09:00  INFO 18668 --- [MySpringbootLab] [restartedMain] o.s.b.w.embedded.tomcat.TomcatWebServer  : Tomcat started on port 8080 (http) with context path '/'
2025-05-19T09:22:47.879+09:00  INFO 18668 --- [MySpringbootLab] [restartedMain] c.r.m.MySpringbootLabApplication         : Started MySpringbootLabApplication in 14.409 seconds (process running for 15.084)
2025-05-19T09:22:47.985+09:00  INFO 18668 --- [MySpringbootLab] [restartedMain] c.r.m.runner.BookDataInsertRunner        : Starting Book-only data initialization...
2025-05-19T09:22:48.217+09:00  INFO 18668 --- [MySpringbootLab] [restartedMain] c.r.m.runner.BookDataInsertRunner        : Creating books with details (no publisher)...
2025-05-19T09:22:48.340+09:00  INFO 18668 --- [MySpringbootLab] [restartedMain] c.r.m.runner.BookDataInsertRunner        : Created 14 books with/without details
2025-05-19T09:22:48.341+09:00  INFO 18668 --- [MySpringbootLab] [restartedMain] c.r.m.runner.BookDataInsertRunner        : Book-only data initialization completed successfully
2025-05-19T09:22:48.354+09:00  INFO 18668 --- [MySpringbootLab] [restartedMain] c.r.myspringbootlab.runner.MyPropRunner  : 1-4 username : springboot
2025-05-19T09:22:48.354+09:00  INFO 18668 --- [MySpringbootLab] [restartedMain] c.r.myspringbootlab.runner.MyPropRunner  : 1-4 port : 56
2025-05-19T09:28:44.964+09:00  INFO 18668 --- [MySpringbootLab] [http-nio-8080-exec-1] o.a.c.c.C.[Tomcat].[localhost].[/]       : Initializing Spring DispatcherServlet 'dispatcherServlet'
2025-05-19T09:28:44.965+09:00  INFO 18668 --- [MySpringbootLab] [http-nio-8080-exec-1] o.s.web.servlet.DispatcherServlet        : Initializing Servlet 'dispatcherServlet'
2025-05-19T09:28:44.966+09:00  INFO 18668 --- [MySpringbootLab] [http-nio-8080-exec-1] o.s.web.servlet.DispatcherServlet        : Completed initialization in 1 ms
2025-05-19T09:35:25.665+09:00  INFO 18668 --- [MySpringbootLab] [SpringApplicationShutdownHook] o.s.b.w.e.tomcat.GracefulShutdown        : Commencing graceful shutdown. Waiting for active requests to complete
2025-05-19T09:35:25.795+09:00  INFO 18668 --- [MySpringbootLab] [tomcat-shutdown] o.s.b.w.e.tomcat.GracefulShutdown        : Graceful shutdown complete
2025-05-19T09:35:25.799+09:00  INFO 18668 --- [MySpringbootLab] [SpringApplicationShutdownHook] j.LocalContainerEntityManagerFactoryBean : Closing JPA EntityManagerFactory for persistence unit 'default'
2025-05-19T09:35:25.803+09:00  INFO 18668 --- [MySpringbootLab] [SpringApplicationShutdownHook] com.zaxxer.hikari.HikariDataSource       : HikariPool-1 - Shutdown initiated...
2025-05-19T09:35:25.808+09:00  INFO 18668 --- [MySpringbootLab] [SpringApplicationShutdownHook] com.zaxxer.hikari.HikariDataSource       : HikariPool-1 - Shutdown completed.
2025-05-19T09:35:31.837+09:00  INFO 1912 --- [MySpringbootLab] [restartedMain] c.r.m.MySpringbootLabApplication         : Starting MySpringbootLabApplication using Java 17.0.14 with PID 1912 (C:\sk\backend\MySpringbootLab\target\classes started by yondu in C:\sk\backend\MySpringbootLab)
2025-05-19T09:35:31.844+09:00  INFO 1912 --- [MySpringbootLab] [restartedMain] c.r.m.MySpringbootLabApplication         : The following 1 profile is active: "test"
2025-05-19T09:35:31.945+09:00  INFO 1912 --- [MySpringbootLab] [restartedMain] .e.DevToolsPropertyDefaultsPostProcessor : Devtools property defaults active! Set 'spring.devtools.add-properties' to 'false' to disable
2025-05-19T09:35:31.945+09:00  INFO 1912 --- [MySpringbootLab] [restartedMain] .e.DevToolsPropertyDefaultsPostProcessor : For additional web related logging consider setting the 'logging.level.web' property to 'DEBUG'
2025-05-19T09:35:33.534+09:00  INFO 1912 --- [MySpringbootLab] [restartedMain] .s.d.r.c.RepositoryConfigurationDelegate : Bootstrapping Spring Data JPA repositories in DEFAULT mode.
2025-05-19T09:35:33.606+09:00  INFO 1912 --- [MySpringbootLab] [restartedMain] .s.d.r.c.RepositoryConfigurationDelegate : Finished Spring Data repository scanning in 62 ms. Found 2 JPA repository interfaces.
2025-05-19T09:35:35.452+09:00  INFO 1912 --- [MySpringbootLab] [restartedMain] o.s.b.w.embedded.tomcat.TomcatWebServer  : Tomcat initialized with port 8080 (http)
2025-05-19T09:35:35.507+09:00  INFO 1912 --- [MySpringbootLab] [restartedMain] o.apache.catalina.core.StandardService   : Starting service [Tomcat]
2025-05-19T09:35:35.508+09:00  INFO 1912 --- [MySpringbootLab] [restartedMain] o.apache.catalina.core.StandardEngine    : Starting Servlet engine: [Apache Tomcat/10.1.40]
2025-05-19T09:35:35.639+09:00  INFO 1912 --- [MySpringbootLab] [restartedMain] o.a.c.c.C.[Tomcat].[localhost].[/]       : Initializing Spring embedded WebApplicationContext
2025-05-19T09:35:35.640+09:00  INFO 1912 --- [MySpringbootLab] [restartedMain] w.s.c.ServletWebServerApplicationContext : Root WebApplicationContext: initialization completed in 3694 ms
2025-05-19T09:35:36.871+09:00  INFO 1912 --- [MySpringbootLab] [restartedMain] o.hibernate.jpa.internal.util.LogHelper  : HHH000204: Processing PersistenceUnitInfo [name: default]
2025-05-19T09:35:37.033+09:00  INFO 1912 --- [MySpringbootLab] [restartedMain] org.hibernate.Version                    : HHH000412: Hibernate ORM core version 6.6.13.Final
2025-05-19T09:35:37.128+09:00  INFO 1912 --- [MySpringbootLab] [restartedMain] o.h.c.internal.RegionFactoryInitiator    : HHH000026: Second-level cache disabled
2025-05-19T09:35:37.733+09:00  INFO 1912 --- [MySpringbootLab] [restartedMain] o.s.o.j.p.SpringPersistenceUnitInfo      : No LoadTimeWeaver setup: ignoring JPA class transformer
2025-05-19T09:35:37.775+09:00  INFO 1912 --- [MySpringbootLab] [restartedMain] com.zaxxer.hikari.HikariDataSource       : HikariPool-1 - Starting...
2025-05-19T09:35:37.876+09:00  INFO 1912 --- [MySpringbootLab] [restartedMain] com.zaxxer.hikari.pool.HikariPool        : HikariPool-1 - Added connection org.mariadb.jdbc.Connection@67c310e3
2025-05-19T09:35:37.879+09:00  INFO 1912 --- [MySpringbootLab] [restartedMain] com.zaxxer.hikari.HikariDataSource       : HikariPool-1 - Start completed.
2025-05-19T09:35:37.912+09:00  WARN 1912 --- [MySpringbootLab] [restartedMain] org.hibernate.orm.deprecation            : HHH90000025: MariaDBDialect does not need to be specified explicitly using 'hibernate.dialect' (remove the property setting and it will be selected by default)
2025-05-19T09:35:37.937+09:00  INFO 1912 --- [MySpringbootLab] [restartedMain] org.hibernate.orm.connections.pooling    : HHH10001005: Database info:
	Database JDBC URL [Connecting through datasource 'HikariDataSource (HikariPool-1)']
	Database driver: undefined/unknown
	Database version: 10.11.5
	Autocommit mode: undefined/unknown
	Isolation level: undefined/unknown
	Minimum pool size: undefined/unknown
	Maximum pool size: undefined/unknown
2025-05-19T09:35:39.092+09:00  INFO 1912 --- [MySpringbootLab] [restartedMain] o.h.e.t.j.p.i.JtaPlatformInitiator       : HHH000489: No JTA platform available (set 'hibernate.transaction.jta.platform' to enable JTA platform integration)
2025-05-19T09:35:39.220+09:00  INFO 1912 --- [MySpringbootLab] [restartedMain] j.LocalContainerEntityManagerFactoryBean : Initialized JPA EntityManagerFactory for persistence unit 'default'
2025-05-19T09:35:39.782+09:00  INFO 1912 --- [MySpringbootLab] [restartedMain] o.s.d.j.r.query.QueryEnhancerFactory     : Hibernate is in classpath; If applicable, HQL parser will be used.
2025-05-19T09:35:40.805+09:00  WARN 1912 --- [MySpringbootLab] [restartedMain] JpaBaseConfiguration$JpaWebConfiguration : spring.jpa.open-in-view is enabled by default. Therefore, database queries may be performed during view rendering. Explicitly configure spring.jpa.open-in-view to disable this warning
2025-05-19T09:35:41.805+09:00  WARN 1912 --- [MySpringbootLab] [restartedMain] ion$DefaultTemplateResolverConfiguration : Cannot find template location: classpath:/templates/ (please add some templates, check your Thymeleaf configuration, or set spring.thymeleaf.check-template-location=false)
2025-05-19T09:35:42.442+09:00  INFO 1912 --- [MySpringbootLab] [restartedMain] o.s.b.a.h2.H2ConsoleAutoConfiguration    : H2 console available at '/h2-console'. Database available at 'jdbc:mariadb://127.0.0.1:3307/books?user=boot&password=***'
2025-05-19T09:35:42.510+09:00  INFO 1912 --- [MySpringbootLab] [restartedMain] o.s.b.d.a.OptionalLiveReloadServer       : LiveReload server is running on port 35729
2025-05-19T09:35:42.520+09:00  INFO 1912 --- [MySpringbootLab] [restartedMain] o.s.b.a.e.web.EndpointLinksResolver      : Exposing 1 endpoint beneath base path '/actuator'
2025-05-19T09:35:42.604+09:00  INFO 1912 --- [MySpringbootLab] [restartedMain] o.s.b.w.embedded.tomcat.TomcatWebServer  : Tomcat started on port 8080 (http) with context path '/'
2025-05-19T09:35:42.628+09:00  INFO 1912 --- [MySpringbootLab] [restartedMain] c.r.m.MySpringbootLabApplication         : Started MySpringbootLabApplication in 11.559 seconds (process running for 12.23)
2025-05-19T09:35:42.714+09:00  INFO 1912 --- [MySpringbootLab] [restartedMain] c.r.m.runner.BookDataInsertRunner        : Starting Book-only data initialization...
2025-05-19T09:35:42.916+09:00  INFO 1912 --- [MySpringbootLab] [restartedMain] c.r.m.runner.BookDataInsertRunner        : Creating books with details (no publisher)...
2025-05-19T09:35:42.995+09:00  INFO 1912 --- [MySpringbootLab] [restartedMain] c.r.m.runner.BookDataInsertRunner        : Created 14 books with/without details
2025-05-19T09:35:42.995+09:00  INFO 1912 --- [MySpringbootLab] [restartedMain] c.r.m.runner.BookDataInsertRunner        : Book-only data initialization completed successfully
2025-05-19T09:35:43.005+09:00  INFO 1912 --- [MySpringbootLab] [restartedMain] c.r.myspringbootlab.runner.MyPropRunner  : 1-4 username : springboot
2025-05-19T09:35:43.005+09:00  INFO 1912 --- [MySpringbootLab] [restartedMain] c.r.myspringbootlab.runner.MyPropRunner  : 1-4 port : 27
2025-05-19T09:36:19.268+09:00  INFO 1912 --- [MySpringbootLab] [http-nio-8080-exec-2] o.a.c.c.C.[Tomcat].[localhost].[/]       : Initializing Spring DispatcherServlet 'dispatcherServlet'
2025-05-19T09:36:19.269+09:00  INFO 1912 --- [MySpringbootLab] [http-nio-8080-exec-2] o.s.web.servlet.DispatcherServlet        : Initializing Servlet 'dispatcherServlet'
2025-05-19T09:36:19.271+09:00  INFO 1912 --- [MySpringbootLab] [http-nio-8080-exec-2] o.s.web.servlet.DispatcherServlet        : Completed initialization in 1 ms
2025-05-19T09:43:43.120+09:00  INFO 1912 --- [MySpringbootLab] [SpringApplicationShutdownHook] o.s.b.w.e.tomcat.GracefulShutdown        : Commencing graceful shutdown. Waiting for active requests to complete
2025-05-19T09:43:43.299+09:00  INFO 1912 --- [MySpringbootLab] [tomcat-shutdown] o.s.b.w.e.tomcat.GracefulShutdown        : Graceful shutdown complete
2025-05-19T09:43:43.309+09:00  INFO 1912 --- [MySpringbootLab] [SpringApplicationShutdownHook] j.LocalContainerEntityManagerFactoryBean : Closing JPA EntityManagerFactory for persistence unit 'default'
2025-05-19T09:43:43.315+09:00  INFO 1912 --- [MySpringbootLab] [SpringApplicationShutdownHook] com.zaxxer.hikari.HikariDataSource       : HikariPool-1 - Shutdown initiated...
2025-05-19T09:43:43.323+09:00  INFO 1912 --- [MySpringbootLab] [SpringApplicationShutdownHook] com.zaxxer.hikari.HikariDataSource       : HikariPool-1 - Shutdown completed.
2025-05-19T09:43:45.797+09:00  INFO 11628 --- [MySpringbootLab] [restartedMain] c.r.m.MySpringbootLabApplication         : Starting MySpringbootLabApplication using Java 17.0.14 with PID 11628 (C:\sk\backend\MySpringbootLab\target\classes started by yondu in C:\sk\backend\MySpringbootLab)
2025-05-19T09:43:45.802+09:00  INFO 11628 --- [MySpringbootLab] [restartedMain] c.r.m.MySpringbootLabApplication         : The following 1 profile is active: "test"
2025-05-19T09:43:45.924+09:00  INFO 11628 --- [MySpringbootLab] [restartedMain] .e.DevToolsPropertyDefaultsPostProcessor : Devtools property defaults active! Set 'spring.devtools.add-properties' to 'false' to disable
2025-05-19T09:43:45.924+09:00  INFO 11628 --- [MySpringbootLab] [restartedMain] .e.DevToolsPropertyDefaultsPostProcessor : For additional web related logging consider setting the 'logging.level.web' property to 'DEBUG'
2025-05-19T09:43:47.569+09:00  INFO 11628 --- [MySpringbootLab] [restartedMain] .s.d.r.c.RepositoryConfigurationDelegate : Bootstrapping Spring Data JPA repositories in DEFAULT mode.
2025-05-19T09:43:47.663+09:00  INFO 11628 --- [MySpringbootLab] [restartedMain] .s.d.r.c.RepositoryConfigurationDelegate : Finished Spring Data repository scanning in 82 ms. Found 2 JPA repository interfaces.
2025-05-19T09:43:49.158+09:00  INFO 11628 --- [MySpringbootLab] [restartedMain] o.s.b.w.embedded.tomcat.TomcatWebServer  : Tomcat initialized with port 8080 (http)
2025-05-19T09:43:49.183+09:00  INFO 11628 --- [MySpringbootLab] [restartedMain] o.apache.catalina.core.StandardService   : Starting service [Tomcat]
2025-05-19T09:43:49.184+09:00  INFO 11628 --- [MySpringbootLab] [restartedMain] o.apache.catalina.core.StandardEngine    : Starting Servlet engine: [Apache Tomcat/10.1.40]
2025-05-19T09:43:49.291+09:00  INFO 11628 --- [MySpringbootLab] [restartedMain] o.a.c.c.C.[Tomcat].[localhost].[/]       : Initializing Spring embedded WebApplicationContext
2025-05-19T09:43:49.291+09:00  INFO 11628 --- [MySpringbootLab] [restartedMain] w.s.c.ServletWebServerApplicationContext : Root WebApplicationContext: initialization completed in 3366 ms
2025-05-19T09:43:50.094+09:00  INFO 11628 --- [MySpringbootLab] [restartedMain] o.hibernate.jpa.internal.util.LogHelper  : HHH000204: Processing PersistenceUnitInfo [name: default]
2025-05-19T09:43:50.244+09:00  INFO 11628 --- [MySpringbootLab] [restartedMain] org.hibernate.Version                    : HHH000412: Hibernate ORM core version 6.6.13.Final
2025-05-19T09:43:50.318+09:00  INFO 11628 --- [MySpringbootLab] [restartedMain] o.h.c.internal.RegionFactoryInitiator    : HHH000026: Second-level cache disabled
2025-05-19T09:43:50.718+09:00  INFO 11628 --- [MySpringbootLab] [restartedMain] o.s.o.j.p.SpringPersistenceUnitInfo      : No LoadTimeWeaver setup: ignoring JPA class transformer
2025-05-19T09:43:50.750+09:00  INFO 11628 --- [MySpringbootLab] [restartedMain] com.zaxxer.hikari.HikariDataSource       : HikariPool-1 - Starting...
2025-05-19T09:43:50.832+09:00  INFO 11628 --- [MySpringbootLab] [restartedMain] com.zaxxer.hikari.pool.HikariPool        : HikariPool-1 - Added connection org.mariadb.jdbc.Connection@6f6530b3
2025-05-19T09:43:50.835+09:00  INFO 11628 --- [MySpringbootLab] [restartedMain] com.zaxxer.hikari.HikariDataSource       : HikariPool-1 - Start completed.
2025-05-19T09:43:50.857+09:00  WARN 11628 --- [MySpringbootLab] [restartedMain] org.hibernate.orm.deprecation            : HHH90000025: MariaDBDialect does not need to be specified explicitly using 'hibernate.dialect' (remove the property setting and it will be selected by default)
2025-05-19T09:43:50.875+09:00  INFO 11628 --- [MySpringbootLab] [restartedMain] org.hibernate.orm.connections.pooling    : HHH10001005: Database info:
	Database JDBC URL [Connecting through datasource 'HikariDataSource (HikariPool-1)']
	Database driver: undefined/unknown
	Database version: 10.11.5
	Autocommit mode: undefined/unknown
	Isolation level: undefined/unknown
	Minimum pool size: undefined/unknown
	Maximum pool size: undefined/unknown
2025-05-19T09:43:51.608+09:00  INFO 11628 --- [MySpringbootLab] [restartedMain] o.h.e.t.j.p.i.JtaPlatformInitiator       : HHH000489: No JTA platform available (set 'hibernate.transaction.jta.platform' to enable JTA platform integration)
2025-05-19T09:43:51.720+09:00  INFO 11628 --- [MySpringbootLab] [restartedMain] j.LocalContainerEntityManagerFactoryBean : Initialized JPA EntityManagerFactory for persistence unit 'default'
2025-05-19T09:43:52.172+09:00  INFO 11628 --- [MySpringbootLab] [restartedMain] o.s.d.j.r.query.QueryEnhancerFactory     : Hibernate is in classpath; If applicable, HQL parser will be used.
2025-05-19T09:43:53.588+09:00  WARN 11628 --- [MySpringbootLab] [restartedMain] JpaBaseConfiguration$JpaWebConfiguration : spring.jpa.open-in-view is enabled by default. Therefore, database queries may be performed during view rendering. Explicitly configure spring.jpa.open-in-view to disable this warning
2025-05-19T09:43:55.603+09:00  WARN 11628 --- [MySpringbootLab] [restartedMain] ion$DefaultTemplateResolverConfiguration : Cannot find template location: classpath:/templates/ (please add some templates, check your Thymeleaf configuration, or set spring.thymeleaf.check-template-location=false)
2025-05-19T09:43:57.212+09:00  INFO 11628 --- [MySpringbootLab] [restartedMain] o.s.b.a.h2.H2ConsoleAutoConfiguration    : H2 console available at '/h2-console'. Database available at 'jdbc:mariadb://127.0.0.1:3307/books?user=boot&password=***'
2025-05-19T09:43:57.424+09:00  INFO 11628 --- [MySpringbootLab] [restartedMain] o.s.b.d.a.OptionalLiveReloadServer       : LiveReload server is running on port 35729
2025-05-19T09:43:57.447+09:00  INFO 11628 --- [MySpringbootLab] [restartedMain] o.s.b.a.e.web.EndpointLinksResolver      : Exposing 1 endpoint beneath base path '/actuator'
2025-05-19T09:43:57.689+09:00  INFO 11628 --- [MySpringbootLab] [restartedMain] o.s.b.w.embedded.tomcat.TomcatWebServer  : Tomcat started on port 8080 (http) with context path '/'
2025-05-19T09:43:57.782+09:00  INFO 11628 --- [MySpringbootLab] [restartedMain] c.r.m.MySpringbootLabApplication         : Started MySpringbootLabApplication in 12.695 seconds (process running for 13.287)
2025-05-19T09:43:57.892+09:00  INFO 11628 --- [MySpringbootLab] [restartedMain] c.r.m.runner.BookDataInsertRunner        : Starting Book-only data initialization...
2025-05-19T09:43:58.350+09:00  INFO 11628 --- [MySpringbootLab] [restartedMain] c.r.m.runner.BookDataInsertRunner        : Creating books with details (no publisher)...
2025-05-19T09:43:58.485+09:00  INFO 11628 --- [MySpringbootLab] [restartedMain] c.r.m.runner.BookDataInsertRunner        : Created 14 books with/without details
2025-05-19T09:43:58.485+09:00  INFO 11628 --- [MySpringbootLab] [restartedMain] c.r.m.runner.BookDataInsertRunner        : Book-only data initialization completed successfully
2025-05-19T09:43:58.508+09:00  INFO 11628 --- [MySpringbootLab] [restartedMain] c.r.myspringbootlab.runner.MyPropRunner  : 1-4 username : springboot
2025-05-19T09:43:58.509+09:00  INFO 11628 --- [MySpringbootLab] [restartedMain] c.r.myspringbootlab.runner.MyPropRunner  : 1-4 port : 23
2025-05-19T10:54:59.602+09:00  INFO 11628 --- [MySpringbootLab] [SpringApplicationShutdownHook] o.s.b.w.e.tomcat.GracefulShutdown        : Commencing graceful shutdown. Waiting for active requests to complete
2025-05-19T10:54:59.793+09:00  INFO 11628 --- [MySpringbootLab] [tomcat-shutdown] o.s.b.w.e.tomcat.GracefulShutdown        : Graceful shutdown complete
2025-05-19T10:54:59.798+09:00  INFO 11628 --- [MySpringbootLab] [SpringApplicationShutdownHook] j.LocalContainerEntityManagerFactoryBean : Closing JPA EntityManagerFactory for persistence unit 'default'
2025-05-19T10:54:59.801+09:00  INFO 11628 --- [MySpringbootLab] [SpringApplicationShutdownHook] com.zaxxer.hikari.HikariDataSource       : HikariPool-1 - Shutdown initiated...
2025-05-19T10:54:59.805+09:00  INFO 11628 --- [MySpringbootLab] [SpringApplicationShutdownHook] com.zaxxer.hikari.HikariDataSource       : HikariPool-1 - Shutdown completed.
2025-05-19T13:17:33.333+09:00  INFO 15648 --- [MySpringbootLab] [restartedMain] c.r.m.MySpringbootLabApplication         : Starting MySpringbootLabApplication using Java 17.0.14 with PID 15648 (C:\sk\backend\MySpringbootLab\target\classes started by yondu in C:\sk\backend\MySpringbootLab)
2025-05-19T13:17:33.336+09:00  INFO 15648 --- [MySpringbootLab] [restartedMain] c.r.m.MySpringbootLabApplication         : The following 1 profile is active: "test"
2025-05-19T13:17:33.404+09:00  INFO 15648 --- [MySpringbootLab] [restartedMain] .e.DevToolsPropertyDefaultsPostProcessor : Devtools property defaults active! Set 'spring.devtools.add-properties' to 'false' to disable
2025-05-19T13:17:33.404+09:00  INFO 15648 --- [MySpringbootLab] [restartedMain] .e.DevToolsPropertyDefaultsPostProcessor : For additional web related logging consider setting the 'logging.level.web' property to 'DEBUG'
2025-05-19T13:17:35.142+09:00  INFO 15648 --- [MySpringbootLab] [restartedMain] .s.d.r.c.RepositoryConfigurationDelegate : Bootstrapping Spring Data JPA repositories in DEFAULT mode.
2025-05-19T13:17:35.215+09:00  INFO 15648 --- [MySpringbootLab] [restartedMain] .s.d.r.c.RepositoryConfigurationDelegate : Finished Spring Data repository scanning in 62 ms. Found 2 JPA repository interfaces.
2025-05-19T13:17:36.660+09:00  INFO 15648 --- [MySpringbootLab] [restartedMain] o.s.b.w.embedded.tomcat.TomcatWebServer  : Tomcat initialized with port 8080 (http)
2025-05-19T13:17:36.701+09:00  INFO 15648 --- [MySpringbootLab] [restartedMain] o.apache.catalina.core.StandardService   : Starting service [Tomcat]
2025-05-19T13:17:36.702+09:00  INFO 15648 --- [MySpringbootLab] [restartedMain] o.apache.catalina.core.StandardEngine    : Starting Servlet engine: [Apache Tomcat/10.1.40]
2025-05-19T13:17:36.835+09:00  INFO 15648 --- [MySpringbootLab] [restartedMain] o.a.c.c.C.[Tomcat].[localhost].[/]       : Initializing Spring embedded WebApplicationContext
2025-05-19T13:17:36.835+09:00  INFO 15648 --- [MySpringbootLab] [restartedMain] w.s.c.ServletWebServerApplicationContext : Root WebApplicationContext: initialization completed in 3430 ms
2025-05-19T13:17:37.688+09:00  INFO 15648 --- [MySpringbootLab] [restartedMain] o.hibernate.jpa.internal.util.LogHelper  : HHH000204: Processing PersistenceUnitInfo [name: default]
2025-05-19T13:17:37.807+09:00  INFO 15648 --- [MySpringbootLab] [restartedMain] org.hibernate.Version                    : HHH000412: Hibernate ORM core version 6.6.13.Final
2025-05-19T13:17:37.893+09:00  INFO 15648 --- [MySpringbootLab] [restartedMain] o.h.c.internal.RegionFactoryInitiator    : HHH000026: Second-level cache disabled
2025-05-19T13:17:38.383+09:00  INFO 15648 --- [MySpringbootLab] [restartedMain] o.s.o.j.p.SpringPersistenceUnitInfo      : No LoadTimeWeaver setup: ignoring JPA class transformer
2025-05-19T13:17:38.415+09:00  INFO 15648 --- [MySpringbootLab] [restartedMain] com.zaxxer.hikari.HikariDataSource       : HikariPool-1 - Starting...
2025-05-19T13:17:38.492+09:00  INFO 15648 --- [MySpringbootLab] [restartedMain] com.zaxxer.hikari.pool.HikariPool        : HikariPool-1 - Added connection org.mariadb.jdbc.Connection@26ac9600
2025-05-19T13:17:38.494+09:00  INFO 15648 --- [MySpringbootLab] [restartedMain] com.zaxxer.hikari.HikariDataSource       : HikariPool-1 - Start completed.
2025-05-19T13:17:38.522+09:00  WARN 15648 --- [MySpringbootLab] [restartedMain] org.hibernate.orm.deprecation            : HHH90000025: MariaDBDialect does not need to be specified explicitly using 'hibernate.dialect' (remove the property setting and it will be selected by default)
2025-05-19T13:17:38.541+09:00  INFO 15648 --- [MySpringbootLab] [restartedMain] org.hibernate.orm.connections.pooling    : HHH10001005: Database info:
	Database JDBC URL [Connecting through datasource 'HikariDataSource (HikariPool-1)']
	Database driver: undefined/unknown
	Database version: 10.11.5
	Autocommit mode: undefined/unknown
	Isolation level: undefined/unknown
	Minimum pool size: undefined/unknown
	Maximum pool size: undefined/unknown
2025-05-19T13:17:39.661+09:00  INFO 15648 --- [MySpringbootLab] [restartedMain] o.h.e.t.j.p.i.JtaPlatformInitiator       : HHH000489: No JTA platform available (set 'hibernate.transaction.jta.platform' to enable JTA platform integration)
2025-05-19T13:17:39.805+09:00  INFO 15648 --- [MySpringbootLab] [restartedMain] j.LocalContainerEntityManagerFactoryBean : Initialized JPA EntityManagerFactory for persistence unit 'default'
2025-05-19T13:17:40.347+09:00  INFO 15648 --- [MySpringbootLab] [restartedMain] o.s.d.j.r.query.QueryEnhancerFactory     : Hibernate is in classpath; If applicable, HQL parser will be used.
2025-05-19T13:17:41.707+09:00  WARN 15648 --- [MySpringbootLab] [restartedMain] JpaBaseConfiguration$JpaWebConfiguration : spring.jpa.open-in-view is enabled by default. Therefore, database queries may be performed during view rendering. Explicitly configure spring.jpa.open-in-view to disable this warning
2025-05-19T13:17:42.879+09:00  WARN 15648 --- [MySpringbootLab] [restartedMain] ion$DefaultTemplateResolverConfiguration : Cannot find template location: classpath:/templates/ (please add some templates, check your Thymeleaf configuration, or set spring.thymeleaf.check-template-location=false)
2025-05-19T13:17:43.662+09:00  INFO 15648 --- [MySpringbootLab] [restartedMain] o.s.b.a.h2.H2ConsoleAutoConfiguration    : H2 console available at '/h2-console'. Database available at 'jdbc:mariadb://127.0.0.1:3307/books?user=boot&password=***'
2025-05-19T13:17:43.746+09:00  INFO 15648 --- [MySpringbootLab] [restartedMain] o.s.b.d.a.OptionalLiveReloadServer       : LiveReload server is running on port 35729
2025-05-19T13:17:43.757+09:00  INFO 15648 --- [MySpringbootLab] [restartedMain] o.s.b.a.e.web.EndpointLinksResolver      : Exposing 1 endpoint beneath base path '/actuator'
2025-05-19T13:17:43.921+09:00  INFO 15648 --- [MySpringbootLab] [restartedMain] o.s.b.w.embedded.tomcat.TomcatWebServer  : Tomcat started on port 8080 (http) with context path '/'
2025-05-19T13:17:43.956+09:00  INFO 15648 --- [MySpringbootLab] [restartedMain] c.r.m.MySpringbootLabApplication         : Started MySpringbootLabApplication in 11.212 seconds (process running for 11.908)
2025-05-19T13:17:44.094+09:00  INFO 15648 --- [MySpringbootLab] [restartedMain] c.r.m.runner.BookDataInsertRunner        : Starting Book-only data initialization...
2025-05-19T13:17:44.300+09:00  INFO 15648 --- [MySpringbootLab] [restartedMain] c.r.m.runner.BookDataInsertRunner        : Creating books with details (no publisher)...
2025-05-19T13:17:44.458+09:00  INFO 15648 --- [MySpringbootLab] [restartedMain] c.r.m.runner.BookDataInsertRunner        : Created 14 books with/without details
2025-05-19T13:17:44.459+09:00  INFO 15648 --- [MySpringbootLab] [restartedMain] c.r.m.runner.BookDataInsertRunner        : Book-only data initialization completed successfully
2025-05-19T13:17:44.483+09:00  INFO 15648 --- [MySpringbootLab] [restartedMain] c.r.myspringbootlab.runner.MyPropRunner  : 1-4 username : springboot
2025-05-19T13:17:44.484+09:00  INFO 15648 --- [MySpringbootLab] [restartedMain] c.r.myspringbootlab.runner.MyPropRunner  : 1-4 port : 94
2025-05-19T13:21:41.169+09:00  INFO 15648 --- [MySpringbootLab] [http-nio-8080-exec-1] o.a.c.c.C.[Tomcat].[localhost].[/]       : Initializing Spring DispatcherServlet 'dispatcherServlet'
2025-05-19T13:21:41.169+09:00  INFO 15648 --- [MySpringbootLab] [http-nio-8080-exec-1] o.s.web.servlet.DispatcherServlet        : Initializing Servlet 'dispatcherServlet'
2025-05-19T13:21:41.173+09:00  INFO 15648 --- [MySpringbootLab] [http-nio-8080-exec-1] o.s.web.servlet.DispatcherServlet        : Completed initialization in 2 ms
2025-05-19T13:25:04.725+09:00  INFO 15648 --- [MySpringbootLab] [SpringApplicationShutdownHook] o.s.b.w.e.tomcat.GracefulShutdown        : Commencing graceful shutdown. Waiting for active requests to complete
2025-05-19T13:25:04.915+09:00  INFO 15648 --- [MySpringbootLab] [tomcat-shutdown] o.s.b.w.e.tomcat.GracefulShutdown        : Graceful shutdown complete
2025-05-19T13:25:04.920+09:00  INFO 15648 --- [MySpringbootLab] [SpringApplicationShutdownHook] j.LocalContainerEntityManagerFactoryBean : Closing JPA EntityManagerFactory for persistence unit 'default'
2025-05-19T13:25:04.926+09:00  INFO 15648 --- [MySpringbootLab] [SpringApplicationShutdownHook] com.zaxxer.hikari.HikariDataSource       : HikariPool-1 - Shutdown initiated...
2025-05-19T13:25:04.933+09:00  INFO 15648 --- [MySpringbootLab] [SpringApplicationShutdownHook] com.zaxxer.hikari.HikariDataSource       : HikariPool-1 - Shutdown completed.
